<?xml version="1.0" encoding="UTF-8"?>
<testng-results ignored="0" total="1" passed="1" failed="0" skipped="0">
  <reporter-output>
  </reporter-output>
  <suite started-at="2022-10-21T05:33:45 IST" name="Default suite" finished-at="2022-10-21T05:33:45 IST" duration-ms="151">
    <groups>
    </groups>
    <test started-at="2022-10-21T05:33:45 IST" name="Default test" finished-at="2022-10-21T05:33:45 IST" duration-ms="151">
      <class name="Rediff.Login">
        <test-method is-config="true" signature="openBrowser()[pri:0, instance:Rediff.Login@7f552bd3]" started-at="2022-10-21T05:33:45 IST" name="openBrowser" finished-at="2022-10-21T05:33:45 IST" duration-ms="19" status="PASS">
          <reporter-output>
          </reporter-output>
        </test-method> <!-- openBrowser -->
        <test-method signature="login()[pri:0, instance:Rediff.Login@7f552bd3]" started-at="2022-10-21T05:33:45 IST" name="login" finished-at="2022-10-21T05:33:45 IST" duration-ms="12" status="PASS">
          <reporter-output>
          </reporter-output>
        </test-method> <!-- login -->
        <test-method is-config="true" signature="closeBrowser()[pri:0, instance:Rediff.Login@7f552bd3]" started-at="2022-10-21T05:33:45 IST" name="closeBrowser" finished-at="2022-10-21T05:33:45 IST" duration-ms="1" status="PASS">
          <reporter-output>
          </reporter-output>
        </test-method> <!-- closeBrowser -->
      </class> <!-- Rediff.Login -->
    </test> <!-- Default test -->
  </suite> <!-- Default suite -->
</testng-results>
